<?xml version="1.0" encoding="UTF-8"?>
<testsuite xmlns:xsi="http://www.w3.org/2001/XMLSchema-instance" xsi:noNamespaceSchemaLocation="https://maven.apache.org/surefire/maven-surefire-plugin/xsd/surefire-test-report.xsd" name="runner.FreeCRMRunner" time="11.424" tests="6" errors="0" skipped="0" failures="0">
  <properties>
[...]
</properties>
  <testcase name="Given user is already on login Page" classname="Scenario: Free CRM Login Test Scenario" time="0.001"/>
  <testcase name="When title of login page is Free CRM" classname="Scenario: Free CRM Login Test Scenario" time="0"/>
  <testcase name="Then user enters &quot;arahim&quot; and &quot;arahim&quot;" classname="Scenario: Free CRM Login Test Scenario" time="0"/>
  <testcase name="And user clicks on login button" classname="Scenario: Free CRM Login Test Scenario" time="0"/>
  <testcase name="Then user is on home page" classname="Scenario: Free CRM Login Test Scenario" time="0"/>
  <testcase name="Scenario: Free CRM Login Test Scenario" classname="Scenario: Free CRM Login Test Scenario" time="0.001"/>
</testsuite>